2015-04-25 15:59:20,652 INFO [com.leveldb.common.db.DBImpl] - Delete type=3 # 1
 delete file: /Users/duyu/db_test/MANIFEST-000001
2015-04-25 15:59:20,654 INFO [com.leveldb.common.db.DBImpl] - No work to be done
2015-04-25 16:01:03,557 INFO [com.leveldb.common.db.DBImpl] - Delete type=3 # 1
 delete file: /Users/duyu/db_test/MANIFEST-000001
2015-04-25 16:01:03,559 INFO [com.leveldb.common.db.DBImpl] - No work to be done
2015-04-25 16:05:42,165 INFO [com.leveldb.common.db.DBImpl] - Delete type=3 # 1
 delete file: /Users/duyu/db_test/MANIFEST-000001
2015-04-25 16:05:42,166 INFO [com.leveldb.common.db.DBImpl] - No work to be done
2015-04-25 16:05:42,170 INFO [com.leveldb.common.db.DBImpl] - Attempt to switch to a new memtable and trigger compaction of old
2015-04-25 16:05:42,170 INFO [com.leveldb.common.db.DBImpl] - Schedule new background thread
2015-04-25 16:05:42,173 INFO [com.leveldb.common.db.DBImpl] - Level-0 table #5: started (in WriteLevel0Table(...))
2015-04-25 16:05:42,187 INFO [com.leveldb.common.db.DBImpl] - Level-0 table #5: 137 bytes OK
2015-04-25 16:05:42,191 INFO [com.leveldb.common.db.DBImpl] - Delete type=0 # 3
 delete file: /Users/duyu/db_test/000003.log
2015-04-25 16:05:42,192 INFO [com.leveldb.common.db.DBImpl] - No work to be done
2015-04-25 16:05:42,193 INFO [com.leveldb.common.db.DBImpl] - Attempt to switch to a new memtable and trigger compaction of old
2015-04-25 16:05:42,194 INFO [com.leveldb.common.db.DBImpl] - Schedule new background thread
2015-04-25 16:05:42,194 INFO [com.leveldb.common.db.DBImpl] - Level-0 table #7: started (in WriteLevel0Table(...))
2015-04-25 16:05:42,195 INFO [com.leveldb.common.db.DBImpl] - Level-0 table #7: 137 bytes OK
2015-04-25 16:05:42,197 INFO [com.leveldb.common.db.DBImpl] - Delete type=0 # 4
 delete file: /Users/duyu/db_test/000004.log
2015-04-25 16:05:42,197 INFO [com.leveldb.common.db.DBImpl] - No work to be done
2015-04-25 16:05:42,198 INFO [com.leveldb.common.db.DBImpl] - Attempt to switch to a new memtable and trigger compaction of old
2015-04-25 16:05:42,199 INFO [com.leveldb.common.db.DBImpl] - Schedule new background thread
2015-04-25 16:05:42,199 INFO [com.leveldb.common.db.DBImpl] - Level-0 table #9: started (in WriteLevel0Table(...))
2015-04-25 16:05:42,200 INFO [com.leveldb.common.db.DBImpl] - Level-0 table #9: 137 bytes OK
2015-04-25 16:05:42,201 INFO [com.leveldb.common.db.DBImpl] - Delete type=0 # 6
 delete file: /Users/duyu/db_test/000006.log
2015-04-25 16:05:42,202 INFO [com.leveldb.common.db.DBImpl] - No work to be done
2015-04-25 16:05:42,203 INFO [com.leveldb.common.db.DBImpl] - Attempt to switch to a new memtable and trigger compaction of old
2015-04-25 16:05:42,203 INFO [com.leveldb.common.db.DBImpl] - Schedule new background thread
2015-04-25 16:05:42,203 INFO [com.leveldb.common.db.DBImpl] - Level-0 table #11: started (in WriteLevel0Table(...))
2015-04-25 16:05:42,204 INFO [com.leveldb.common.db.DBImpl] - Level-0 table #11: 137 bytes OK
2015-04-25 16:05:42,206 INFO [com.leveldb.common.db.DBImpl] - Delete type=0 # 8
 delete file: /Users/duyu/db_test/000008.log
2015-04-25 16:05:42,206 INFO [com.leveldb.common.db.DBImpl] - No work to be done
2015-04-25 16:05:42,207 INFO [com.leveldb.common.db.DBImpl] - Attempt to switch to a new memtable and trigger compaction of old
2015-04-25 16:05:42,207 INFO [com.leveldb.common.db.DBImpl] - Schedule new background thread
2015-04-25 16:05:42,208 INFO [com.leveldb.common.db.DBImpl] - Level-0 table #13: started (in WriteLevel0Table(...))
2015-04-25 16:05:42,209 INFO [com.leveldb.common.db.DBImpl] - Level-0 table #13: 137 bytes OK
2015-04-25 16:05:42,210 INFO [com.leveldb.common.db.DBImpl] - Delete type=0 # 10
 delete file: /Users/duyu/db_test/000010.log
2015-04-25 16:05:42,211 INFO [com.leveldb.common.db.DBImpl] - No work to be done
2015-04-25 16:05:42,212 INFO [com.leveldb.common.db.DBImpl] - Attempt to switch to a new memtable and trigger compaction of old
2015-04-25 16:05:42,213 INFO [com.leveldb.common.db.DBImpl] - Schedule new background thread
2015-04-25 16:05:42,213 INFO [com.leveldb.common.db.DBImpl] - Level-0 table #15: started (in WriteLevel0Table(...))
2015-04-25 16:05:42,214 INFO [com.leveldb.common.db.DBImpl] - Level-0 table #15: 137 bytes OK
2015-04-25 16:05:42,215 INFO [com.leveldb.common.db.DBImpl] - Delete type=0 # 12
 delete file: /Users/duyu/db_test/000012.log
2015-04-25 16:05:42,215 INFO [com.leveldb.common.db.DBImpl] - Schedule new background thread
2015-04-25 16:05:42,217 INFO [com.leveldb.common.db.DBImpl] - Compacting 4@0 + 1@1 files
2015-04-25 16:05:42,218 INFO [com.leveldb.common.db.DBImpl] - Attempt to switch to a new memtable and trigger compaction of old
2015-04-25 16:05:42,218 INFO [com.leveldb.common.db.DBImpl] - Already scheduled
